\BOOKMARK [0][-]{chapter.1}{Introduzione}{}% 1
\BOOKMARK [0][-]{chapter.2}{Istanze e soluzioni del problema}{}% 2
\BOOKMARK [1][-]{section.2.1}{Istanze}{chapter.2}% 3
\BOOKMARK [1][-]{section.2.2}{Soluzioni}{chapter.2}% 4
\BOOKMARK [0][-]{chapter.3}{Risoluzione del problema tramite CPLEX}{}% 5
\BOOKMARK [1][-]{section.3.1}{Modelli compatti}{chapter.3}% 6
\BOOKMARK [2][-]{subsection.3.1.1}{Formulazione sequenziale}{section.3.1}% 7
\BOOKMARK [2][-]{subsection.3.1.2}{Formulazione basata sul flusso}{section.3.1}% 8
\BOOKMARK [1][-]{section.3.2}{Loop}{chapter.3}% 9
\BOOKMARK [2][-]{subsection.3.2.1}{Formulazione di Benders}{section.3.2}% 10
\BOOKMARK [2][-]{subsection.3.2.2}{Formulazione con callback}{section.3.2}% 11
\BOOKMARK [1][-]{section.3.3}{Algoritmi Euristici}{chapter.3}% 12
\BOOKMARK [2][-]{subsection.3.3.1}{Hard Fixing}{section.3.3}% 13
\BOOKMARK [2][-]{subsection.3.3.2}{Soft Fixing}{section.3.3}% 14
\BOOKMARK [0][-]{chapter.4}{Algoritmi euristici}{}% 15
\BOOKMARK [1][-]{section.4.1}{Euristici di costruzione}{chapter.4}% 16
\BOOKMARK [2][-]{subsection.4.1.1}{Nearest Neighborhood}{section.4.1}% 17
\BOOKMARK [2][-]{subsection.4.1.2}{Heuristic Insertion}{section.4.1}% 18
\BOOKMARK [0][-]{chapter.5}{Performance}{}% 19
\BOOKMARK [1][-]{section.5.1}{Performance variabilty}{chapter.5}% 20
\BOOKMARK [1][-]{section.5.2}{Analisi tabulare}{chapter.5}% 21
\BOOKMARK [1][-]{section.5.3}{Performance profiling}{chapter.5}% 22
\BOOKMARK [1][-]{section.5.4}{Analisi degli algoritmi sviluppati}{chapter.5}% 23
\BOOKMARK [0][-]{chapter.6}{Appendice}{}% 24
\BOOKMARK [1][-]{section.6.1}{CPLEX}{chapter.6}% 25
\BOOKMARK [2][-]{subsection.6.1.1}{Funzioni}{section.6.1}% 26
\BOOKMARK [3][-]{subsubsection.6.1.1.1}{Costruzione e modifica del modello}{subsection.6.1.1}% 27
\BOOKMARK [3][-]{subsubsection.6.1.1.2}{Calcolo della soluzione}{subsection.6.1.1}% 28
\BOOKMARK [3][-]{subsubsection.6.1.1.3}{Lazy constraints}{subsection.6.1.1}% 29
\BOOKMARK [3][-]{subsubsection.6.1.1.4}{Lazy Constraint Callback}{subsection.6.1.1}% 30
\BOOKMARK [3][-]{subsubsection.6.1.1.5}{Lazy Constraint Callback General}{subsection.6.1.1}% 31
\BOOKMARK [3][-]{subsubsection.6.1.1.6}{Algoritmi Euristici}{subsection.6.1.1}% 32
\BOOKMARK [2][-]{subsection.6.1.2}{Parametri}{section.6.1}% 33
\BOOKMARK [2][-]{subsection.6.1.3}{Costanti utili}{section.6.1}% 34
\BOOKMARK [1][-]{section.6.2}{Gnuplot}{chapter.6}% 35
\BOOKMARK [1][-]{section.6.3}{perprof.py}{chapter.6}% 36
\BOOKMARK [0][-]{figure.caption.50}{Bibliografia}{}% 37
