This is pdfTeX, Version 3.14159265-2.6-1.40.21 (MiKTeX 2.9.7440 64-bit) (preloaded format=pdflatex 2020.6.15)  15 JUN 2020 13:34
entering extended mode
**./Report.tex
(Report.tex
LaTeX2e <2020-02-02> patch level 5
L3 programming layer <2020-05-15>
("C:\Users\Elisabetta\AppData\Local\Programs\MiKTeX 2.9\tex/latex/base\book.cls
"
Document Class: book 2019/12/20 v1.4l Standard LaTeX document class
("C:\Users\Elisabetta\AppData\Local\Programs\MiKTeX 2.9\tex/latex/base\bk12.clo
"
File: bk12.clo 2019/12/20 v1.4l Standard LaTeX file (size option)
)
\c@part=\count167
\c@chapter=\count168
\c@section=\count169
\c@subsection=\count170
\c@subsubsection=\count171
\c@paragraph=\count172
\c@subparagraph=\count173
\c@figure=\count174
\c@table=\count175
\abovecaptionskip=\skip47
\belowcaptionskip=\skip48
\bibindent=\dimen134
)
("C:\Users\Elisabetta\AppData\Local\Programs\MiKTeX 2.9\tex/generic/babel\babel
.sty"
Package: babel 2020/05/13 3.44 The Babel package

("C:\Users\Elisabetta\AppData\Local\Programs\MiKTeX 2.9\tex/generic/babel\babel
.def"
File: babel.def 2020/05/13 3.44 Babel common definitions
\babel@savecnt=\count176
\U@D=\dimen135
\l@babelnohyphens=\language78

("C:\Users\Elisabetta\AppData\Local\Programs\MiKTeX 2.9\tex/generic/babel\txtba
bel.def")
\bbl@readstream=\read2
)
\bbl@dirlevel=\count177

*************************************
* Local config file bblopts.cfg used
*

("C:\Users\Elisabetta\AppData\Local\Programs\MiKTeX 2.9\tex/latex/arabi\bblopts
.cfg"
File: bblopts.cfg 2005/09/08 v0.1 add Arabic and Farsi to "declared" options of
 babel
)
("C:\Users\Elisabetta\AppData\Local\Programs\MiKTeX 2.9\tex/latex/babel-english
\english.ldf"
Language: english 2017/06/06 v3.3r English support from the babel system
Package babel Info: \l@canadian = using hyphenrules for english
(babel)             (\language0) on input line 102.
Package babel Info: \l@australian = using hyphenrules for ukenglish
(babel)             (\language72) on input line 105.
Package babel Info: \l@newzealand = using hyphenrules for ukenglish
(babel)             (\language72) on input line 108.
)
("C:\Users\Elisabetta\AppData\Local\Programs\MiKTeX 2.9\tex/latex/babel-italian
\italian.ldf"
Language: italian 2020/05/21 v.1.4.04 Italian support for the babel system
\it@lettering=\count178
\it@doublequoteactive=\count179
\it@ISOcompliance=\count180
))
("C:\Users\Elisabetta\AppData\Local\Programs\MiKTeX 2.9\tex/latex/etoolbox\etoo
lbox.sty"
Package: etoolbox 2019/09/21 v2.5h e-TeX tools for LaTeX (JAW)
\etb@tempcnta=\count181
)
("C:\Users\Elisabetta\AppData\Local\Programs\MiKTeX 2.9\tex/latex/base\fontenc.
sty"
Package: fontenc 2020/02/11 v2.0o Standard LaTeX package
)
("C:\Users\Elisabetta\AppData\Local\Programs\MiKTeX 2.9\tex/latex/base\inputenc
.sty"
Package: inputenc 2018/08/11 v1.3c Input encoding file
\inpenc@prehook=\toks15
\inpenc@posthook=\toks16
)
("C:\Users\Elisabetta\AppData\Local\Programs\MiKTeX 2.9\tex/latex/fancyhdr\fanc
yhdr.sty"
Package: fancyhdr 2019/01/31 v3.10 Extensive control of page headers and footer
s
\f@nch@headwidth=\skip49
\f@nch@O@elh=\skip50
\f@nch@O@erh=\skip51
\f@nch@O@olh=\skip52
\f@nch@O@orh=\skip53
\f@nch@O@elf=\skip54
\f@nch@O@erf=\skip55
\f@nch@O@olf=\skip56
\f@nch@O@orf=\skip57
)
("C:\Users\Elisabetta\AppData\Local\Programs\MiKTeX 2.9\tex/latex/float\float.s
ty"
Package: float 2001/11/08 v1.3d Float enhancements (AL)
\c@float@type=\count182
\float@exts=\toks17
\float@box=\box45
\@float@everytoks=\toks18
\@floatcapt=\box46
)
("C:\Users\Elisabetta\AppData\Local\Programs\MiKTeX 2.9\tex/latex/graphics\grap
hicx.sty"
Package: graphicx 2019/11/30 v1.2a Enhanced LaTeX Graphics (DPC,SPQR)

("C:\Users\Elisabetta\AppData\Local\Programs\MiKTeX 2.9\tex/latex/graphics\keyv
al.sty"
Package: keyval 2014/10/28 v1.15 key=value parser (DPC)
\KV@toks@=\toks19
)
("C:\Users\Elisabetta\AppData\Local\Programs\MiKTeX 2.9\tex/latex/graphics\grap
hics.sty"
Package: graphics 2019/11/30 v1.4a Standard LaTeX Graphics (DPC,SPQR)

("C:\Users\Elisabetta\AppData\Local\Programs\MiKTeX 2.9\tex/latex/graphics\trig
.sty"
Package: trig 2016/01/03 v1.10 sin cos tan (DPC)
)
("C:\Users\Elisabetta\AppData\Local\Programs\MiKTeX 2.9\tex/latex/graphics-cfg\
graphics.cfg"
File: graphics.cfg 2016/06/04 v1.11 sample graphics configuration
)
Package graphics Info: Driver file: pdftex.def on input line 105.

("C:\Users\Elisabetta\AppData\Local\Programs\MiKTeX 2.9\tex/latex/graphics-def\
pdftex.def"
File: pdftex.def 2018/01/08 v1.0l Graphics/color driver for pdftex
))
\Gin@req@height=\dimen136
\Gin@req@width=\dimen137
)
("C:\Users\Elisabetta\AppData\Local\Programs\MiKTeX 2.9\tex/latex/wrapfig\wrapf
ig.sty"
\wrapoverhang=\dimen138
\WF@size=\dimen139
\c@WF@wrappedlines=\count183
\WF@box=\box47
\WF@everypar=\toks20
Package: wrapfig 2003/01/31  v 3.6
)
("C:\Users\Elisabetta\AppData\Local\Programs\MiKTeX 2.9\tex/latex/siunitx\siuni
tx.sty"
("C:\Users\Elisabetta\AppData\Local\Programs\MiKTeX 2.9\tex/latex/l3kernel\expl
3.sty"
Package: expl3 2020-05-15 L3 programming layer (loader) 

("C:\Users\Elisabetta\AppData\Local\Programs\MiKTeX 2.9\tex/latex/l3backend\l3b
ackend-pdfmode.def"
File: l3backend-pdfmode.def 2020-05-05 L3 backend support: PDF mode
\l__kernel_color_stack_int=\count184
\l__pdf_internal_box=\box48
))
("C:\Users\Elisabetta\AppData\Local\Programs\MiKTeX 2.9\tex/latex/l3packages/xp
arse\xparse.sty"
Package: xparse 2020-05-15 L3 Experimental document command parser

("C:\Users\Elisabetta\AppData\Local\Programs\MiKTeX 2.9\tex/latex/l3packages/xp
arse\xparse-generic.tex"
\l__xparse_current_arg_int=\count185
\g__xparse_grabber_int=\count186
\l__xparse_m_args_int=\count187
\l__xparse_v_nesting_int=\count188
))
Package: siunitx 2020/02/25 v2.8b A comprehensive (SI) units package

("C:\Users\Elisabetta\AppData\Local\Programs\MiKTeX 2.9\tex/latex/amsmath\amste
xt.sty"
Package: amstext 2000/06/29 v2.01 AMS text

("C:\Users\Elisabetta\AppData\Local\Programs\MiKTeX 2.9\tex/latex/amsmath\amsge
n.sty"
File: amsgen.sty 1999/11/30 v2.0 generic functions
\@emptytoks=\toks21
\ex@=\dimen140
))
("C:\Users\Elisabetta\AppData\Local\Programs\MiKTeX 2.9\tex/latex/tools\array.s
ty"
Package: array 2019/08/31 v2.4l Tabular extension package (FMi)
\col@sep=\dimen141
\ar@mcellbox=\box49
\extrarowheight=\dimen142
\NC@list=\toks22
\extratabsurround=\skip58
\backup@length=\skip59
\ar@cellbox=\box50
)
("C:\Users\Elisabetta\AppData\Local\Programs\MiKTeX 2.9\tex/latex/l3packages/l3
keys2e\l3keys2e.sty"
Package: l3keys2e 2020-05-15 LaTeX2e option processing using LaTeX3 keys
)
\l__siunitx_tmp_box=\box51
\l__siunitx_tmp_dim=\dimen143
\l__siunitx_tmp_int=\count189
\l__siunitx_number_mantissa_length_int=\count190
\l__siunitx_number_uncert_length_int=\count191
\l__siunitx_round_int=\count192
\l__siunitx_process_decimal_int=\count193
\l__siunitx_process_uncertainty_int=\count194
\l__siunitx_process_fixed_int=\count195
\l__siunitx_process_integer_min_int=\count196
\l__siunitx_process_precision_int=\count197
\l__siunitx_group_min_int=\count198
\l__siunitx_angle_marker_box=\box52
\l__siunitx_angle_unit_box=\box53
\l__siunitx_angle_marker_dim=\dimen144
\l__siunitx_angle_unit_dim=\dimen145
\l__siunitx_unit_int=\count199
\l__siunitx_unit_denominator_int=\count266
\l__siunitx_unit_numerator_int=\count267
\l__siunitx_unit_prefix_int=\count268
\l__siunitx_unit_prefix_base_int=\count269
\l__siunitx_unit_prefix_gram_int=\count270
\l__siunitx_number_product_int=\count271
\c__siunitx_one_fill_skip=\skip60
\l__siunitx_table_unit_align_skip=\skip61
\l__siunitx_table_exponent_dim=\dimen146
\l__siunitx_table_integer_dim=\dimen147
\l__siunitx_table_mantissa_dim=\dimen148
\l__siunitx_table_marker_dim=\dimen149
\l__siunitx_table_result_dim=\dimen150
\l__siunitx_table_uncert_dim=\dimen151
\l__siunitx_table_fill_pre_dim=\dimen152
\l__siunitx_table_fill_post_dim=\dimen153
\l__siunitx_table_fill_mid_dim=\dimen154
\l__siunitx_table_pre_box=\box54
\l__siunitx_table_post_box=\box55
\l__siunitx_table_mantissa_box=\box56
\l__siunitx_table_result_box=\box57
\l__siunitx_table_number_align_skip=\skip62
\l__siunitx_table_text_align_skip=\skip63

("C:\Users\Elisabetta\AppData\Local\Programs\MiKTeX 2.9\tex/latex/translator\tr
anslator.sty"
Package: translator 2019-05-31 v1.12a Easy translation of strings in LaTeX
))
("C:\Users\Elisabetta\AppData\Local\Programs\MiKTeX 2.9\tex/latex/tools\verbati
m.sty"
Package: verbatim 2019/11/10 v1.5r LaTeX2e package for verbatim enhancements
\every@verbatim=\toks23
\verbatim@line=\toks24
\verbatim@in@stream=\read3
)
("C:\Users\Elisabetta\AppData\Local\Programs\MiKTeX 2.9\tex/latex/subfig\subfig
.sty"
Package: subfig 2005/06/28 ver: 1.3 subfig package

("C:\Users\Elisabetta\AppData\Local\Programs\MiKTeX 2.9\tex/latex/caption\capti
on.sty"
Package: caption 2020/05/30 v3.4k Customizing captions (AR)

("C:\Users\Elisabetta\AppData\Local\Programs\MiKTeX 2.9\tex/latex/caption\capti
on3.sty"
Package: caption3 2020/05/30 v1.12 caption3 kernel (AR)
Package caption3 Info: TeX engine: e-TeX on input line 61.
\captionmargin=\dimen155
\captionmargin@=\dimen156
\captionwidth=\dimen157
\caption@tempdima=\dimen158
\caption@indent=\dimen159
\caption@parindent=\dimen160
\caption@hangindent=\dimen161
Package caption Info: Standard document class detected.
)
\c@caption@flags=\count272
\c@continuedfloat=\count273
Package caption Info: float package is loaded.
Package caption Info: wrapfig package is loaded.
)
\c@KVtest=\count274
\sf@farskip=\skip64
\sf@captopadj=\dimen162
\sf@capskip=\skip65
\sf@nearskip=\skip66
\c@subfigure=\count275
\c@subfigure@save=\count276
\c@lofdepth=\count277
\c@subtable=\count278
\c@subtable@save=\count279
\c@lotdepth=\count280
\sf@top=\skip67
\sf@bottom=\skip68
)
("C:\Users\Elisabetta\AppData\Local\Programs\MiKTeX 2.9\tex/latex/amsmath\amsma
th.sty"
Package: amsmath 2020/01/20 v2.17e AMS math features
\@mathmargin=\skip69

For additional information on amsmath, use the `?' option.

("C:\Users\Elisabetta\AppData\Local\Programs\MiKTeX 2.9\tex/latex/amsmath\amsbs
y.sty"
Package: amsbsy 1999/11/29 v1.2d Bold Symbols
\pmbraise@=\dimen163
)
("C:\Users\Elisabetta\AppData\Local\Programs\MiKTeX 2.9\tex/latex/amsmath\amsop
n.sty"
Package: amsopn 2016/03/08 v2.02 operator names
)
\inf@bad=\count281
LaTeX Info: Redefining \frac on input line 227.
\uproot@=\count282
\leftroot@=\count283
LaTeX Info: Redefining \overline on input line 389.
\classnum@=\count284
\DOTSCASE@=\count285
LaTeX Info: Redefining \ldots on input line 486.
LaTeX Info: Redefining \dots on input line 489.
LaTeX Info: Redefining \cdots on input line 610.
\Mathstrutbox@=\box58
\strutbox@=\box59
\big@size=\dimen164
LaTeX Font Info:    Redeclaring font encoding OML on input line 733.
LaTeX Font Info:    Redeclaring font encoding OMS on input line 734.
\macc@depth=\count286
\c@MaxMatrixCols=\count287
\dotsspace@=\muskip16
\c@parentequation=\count288
\dspbrk@lvl=\count289
\tag@help=\toks25
\row@=\count290
\column@=\count291
\maxfields@=\count292
\andhelp@=\toks26
\eqnshift@=\dimen165
\alignsep@=\dimen166
\tagshift@=\dimen167
\tagwidth@=\dimen168
\totwidth@=\dimen169
\lineht@=\dimen170
\@envbody=\toks27
\multlinegap=\skip70
\multlinetaggap=\skip71
\mathdisplay@stack=\toks28
LaTeX Info: Redefining \[ on input line 2859.
LaTeX Info: Redefining \] on input line 2860.
)
("C:\Users\Elisabetta\AppData\Local\Programs\MiKTeX 2.9\tex/latex/algorithm2e\a
lgorithm2e.sty"
Package: algorithm2e 2017/07/18 v5.2 algorithms environments
\c@AlgoLine=\count293

("C:\Users\Elisabetta\AppData\Local\Programs\MiKTeX 2.9\tex/latex/base\ifthen.s
ty"
Package: ifthen 2014/09/29 v1.1c Standard LaTeX ifthen package (DPC)
)
\algocf@hangindent=\skip72

("C:\Users\Elisabetta\AppData\Local\Programs\MiKTeX 2.9\tex/latex/ifoddpage\ifo
ddpage.sty"
Package: ifoddpage 2016/04/23 v1.1 Conditionals for odd/even page detection
\c@checkoddpage=\count294
)
("C:\Users\Elisabetta\AppData\Local\Programs\MiKTeX 2.9\tex/latex/tools\xspace.
sty"
Package: xspace 2014/10/28 v1.13 Space after command names (DPC,MH)
)
("C:\Users\Elisabetta\AppData\Local\Programs\MiKTeX 2.9\tex/latex/relsize\relsi
ze.sty"
Package: relsize 2013/03/29 ver 4.1
)
\skiptotal=\skip73
\skiplinenumber=\skip74
\skiprule=\skip75
\skiphlne=\skip76
\skiptext=\skip77
\skiplength=\skip78
\algomargin=\skip79
\skipalgocfslide=\skip80
\algowidth=\dimen171
\inoutsize=\dimen172
\inoutindent=\dimen173
\interspacetitleruled=\dimen174
\interspacealgoruled=\dimen175
\interspacetitleboxruled=\dimen176
\algocf@ruledwidth=\skip81
\algocf@inoutbox=\box60
\algocf@inputbox=\box61
\AlCapSkip=\skip82
\AlCapHSkip=\skip83
\algoskipindent=\skip84
\algocf@nlbox=\box62
\algocf@hangingbox=\box63
\algocf@untilbox=\box64
\algocf@skipuntil=\skip85
\algocf@capbox=\box65
\algocf@lcaptionbox=\skip86
\algoheightruledefault=\skip87
\algoheightrule=\skip88
\algotitleheightruledefault=\skip89
\algotitleheightrule=\skip90
\c@algocfline=\count295
\c@algocfproc=\count296
\c@algocf=\count297
\algocf@algoframe=\box66
\algocf@algobox=\box67
)
("C:\Users\Elisabetta\AppData\Local\Programs\MiKTeX 2.9\tex/latex/algorithms\al
gorithmic.sty"
Package: algorithmic 2009/08/24 v0.1 Document Style `algorithmic'
\c@ALC@unique=\count298
\c@ALC@line=\count299
\c@ALC@rem=\count300
\c@ALC@depth=\count301
\ALC@tlm=\skip91
\algorithmicindent=\skip92
)
("C:\Users\Elisabetta\AppData\Local\Programs\MiKTeX 2.9\tex/latex/multirow\mult
irow.sty"
Package: multirow 2019/05/31 v2.5 Span multiple rows of a table
\multirow@colwidth=\skip93
\multirow@cntb=\count302
\multirow@dima=\skip94
\bigstrutjot=\dimen177
)
("C:\Users\Elisabetta\AppData\Local\Programs\MiKTeX 2.9\tex/latex/graphics\rota
ting.sty"
Package: rotating 2016/08/11 v2.16d rotated objects in LaTeX
\c@r@tfl@t=\count303
\rotFPtop=\skip95
\rotFPbot=\skip96
\rot@float@box=\box68
\rot@mess@toks=\toks29
)
("C:\Users\Elisabetta\AppData\Local\Programs\MiKTeX 2.9\tex/latex/l3packages/xf
rac\xfrac.sty"
("C:\Users\Elisabetta\AppData\Local\Programs\MiKTeX 2.9\tex/latex/base\textcomp
.sty"
Package: textcomp 2020/02/02 v2.0n Standard LaTeX package
)
("C:\Users\Elisabetta\AppData\Local\Programs\MiKTeX 2.9\tex/latex/l3packages/xt
emplate\xtemplate.sty"
Package: xtemplate 2020-05-15 L3 Experimental prototype document functions
\l__xtemplate_tmp_dim=\dimen178
\l__xtemplate_tmp_int=\count304
\l__xtemplate_tmp_muskip=\muskip17
\l__xtemplate_tmp_skip=\skip97
)
Package: xfrac 2020-05-15 L3 Experimental split-level fractions
\l__xfrac_slash_box=\box69
\l__xfrac_tmp_box=\box70
\l__xfrac_denominator_bot_sep_dim=\dimen179
\l__xfrac_numerator_bot_sep_dim=\dimen180
\l__xfrac_numerator_top_sep_dim=\dimen181
\l__xfrac_slash_left_sep_dim=\dimen182
\l__xfrac_slash_right_sep_dim=\dimen183
\l__xfrac_slash_left_muskip=\muskip18
\l__xfrac_slash_right_muskip=\muskip19

Package xtemplate Info: Declaring object type 'xfrac' taking 3 argument(s) on
(xtemplate)             line 80.

)
("C:\Users\Elisabetta\AppData\Local\Programs\MiKTeX 2.9\tex/latex/enumitem\enum
item.sty"
Package: enumitem 2019/06/20 v3.9 Customized lists
\labelindent=\skip98
\enit@outerparindent=\dimen184
\enit@toks=\toks30
\enit@inbox=\box71
\enit@count@id=\count305
\enitdp@description=\count306
)
("C:\Users\Elisabetta\AppData\Local\Programs\MiKTeX 2.9\tex/latex/showlabels\sh
owlabels.sty"
Package: showlabels 2015/12/08 v1.7

Package: `showlabels' v1.7 <2015/12/08>
with amsmath equation tags
\SL@labelposition=\count307
)
("C:\Users\Elisabetta\AppData\Local\Programs\MiKTeX 2.9\tex/latex/cases\cases.s
ty"
Package: cases 2020/03/29 ver 3.2
\numc@numwid=\dimen185
)
("C:\Users\Elisabetta\AppData\Local\Programs\MiKTeX 2.9\tex/latex/xcolor\xcolor
.sty"
Package: xcolor 2016/05/11 v2.12 LaTeX color extensions (UK)

("C:\Users\Elisabetta\AppData\Local\Programs\MiKTeX 2.9\tex/latex/graphics-cfg\
color.cfg"
File: color.cfg 2016/01/02 v1.6 sample color configuration
)
Package xcolor Info: Package option `usenames' ignored on input line 216.
Package xcolor Info: Driver file: pdftex.def on input line 225.

("C:\Users\Elisabetta\AppData\Local\Programs\MiKTeX 2.9\tex/latex/colortbl\colo
rtbl.sty"
Package: colortbl 2020/01/04 v1.0e Color table columns (DPC)
\everycr=\toks31
\minrowclearance=\skip99
)
\rownum=\count308
Package xcolor Info: Model `cmy' substituted by `cmy0' on input line 1348.
Package xcolor Info: Model `hsb' substituted by `rgb' on input line 1352.
Package xcolor Info: Model `RGB' extended on input line 1364.
Package xcolor Info: Model `HTML' substituted by `rgb' on input line 1366.
Package xcolor Info: Model `Hsb' substituted by `hsb' on input line 1367.
Package xcolor Info: Model `tHsb' substituted by `hsb' on input line 1368.
Package xcolor Info: Model `HSB' substituted by `hsb' on input line 1369.
Package xcolor Info: Model `Gray' substituted by `gray' on input line 1370.
Package xcolor Info: Model `wave' substituted by `hsb' on input line 1371.

("C:\Users\Elisabetta\AppData\Local\Programs\MiKTeX 2.9\tex/latex/graphics\dvip
snam.def"
File: dvipsnam.def 2016/06/17 v3.0m Driver-dependent file (DPC,SPQR)
))
("C:\Users\Elisabetta\AppData\Local\Programs\MiKTeX 2.9\tex/latex/listings\list
ings.sty"
\lst@mode=\count309
\lst@gtempboxa=\box72
\lst@token=\toks32
\lst@length=\count310
\lst@currlwidth=\dimen186
\lst@column=\count311
\lst@pos=\count312
\lst@lostspace=\dimen187
\lst@width=\dimen188
\lst@newlines=\count313
\lst@lineno=\count314
\lst@maxwidth=\dimen189

("C:\Users\Elisabetta\AppData\Local\Programs\MiKTeX 2.9\tex/latex/listings\lstm
isc.sty"
File: lstmisc.sty 2020/03/24 1.8d (Carsten Heinz)
\c@lstnumber=\count315
\lst@skipnumbers=\count316
\lst@framebox=\box73
)
("C:\Users\Elisabetta\AppData\Local\Programs\MiKTeX 2.9\tex/latex/listings\list
ings.cfg"
File: listings.cfg 2020/03/24 1.8d listings configuration
))
Package: listings 2020/03/24 1.8d (Carsten Heinz)

("C:\Users\Elisabetta\AppData\Local\Programs\MiKTeX 2.9\tex/latex/listings\lstl
ang1.sty"
File: lstlang1.sty 2020/03/24 1.8d listings language file
)
("C:\Users\Elisabetta\AppData\Local\Programs\MiKTeX 2.9\tex/latex/listings\lstm
isc.sty"
File: lstmisc.sty 2020/03/24 1.8d (Carsten Heinz)
)
("C:\Users\Elisabetta\AppData\Local\Programs\MiKTeX 2.9\tex/latex/url\url.sty"
\Urlmuskip=\muskip20
Package: url 2013/09/16  ver 3.4  Verb mode for urls, etc.
)
("C:\Users\Elisabetta\AppData\Local\Programs\MiKTeX 2.9\tex/latex/hyperref\hype
rref.sty"
Package: hyperref 2020-05-15 v7.00e Hypertext links for LaTeX

("C:\Users\Elisabetta\AppData\Local\Programs\MiKTeX 2.9\tex/generic/ltxcmds\ltx
cmds.sty"
Package: ltxcmds 2019/12/15 v1.24 LaTeX kernel commands for general use (HO)
)
("C:\Users\Elisabetta\AppData\Local\Programs\MiKTeX 2.9\tex/generic/iftex\iftex
.sty"
Package: iftex 2020/03/06 v1.0d TeX engine tests
)
("C:\Users\Elisabetta\AppData\Local\Programs\MiKTeX 2.9\tex/latex/pdftexcmds\pd
ftexcmds.sty"
Package: pdftexcmds 2019/11/24 v0.31 Utility functions of pdfTeX for LuaTeX (HO
)

("C:\Users\Elisabetta\AppData\Local\Programs\MiKTeX 2.9\tex/generic/infwarerr\i
nfwarerr.sty"
Package: infwarerr 2019/12/03 v1.5 Providing info/warning/error messages (HO)
)
Package pdftexcmds Info: \pdf@primitive is available.
Package pdftexcmds Info: \pdf@ifprimitive is available.
Package pdftexcmds Info: \pdfdraftmode found.
)
("C:\Users\Elisabetta\AppData\Local\Programs\MiKTeX 2.9\tex/generic/kvsetkeys\k
vsetkeys.sty"
Package: kvsetkeys 2019/12/15 v1.18 Key value parser (HO)
)
("C:\Users\Elisabetta\AppData\Local\Programs\MiKTeX 2.9\tex/generic/kvdefinekey
s\kvdefinekeys.sty"
Package: kvdefinekeys 2019-12-19 v1.6 Define keys (HO)
)
("C:\Users\Elisabetta\AppData\Local\Programs\MiKTeX 2.9\tex/generic/pdfescape\p
dfescape.sty"
Package: pdfescape 2019/12/09 v1.15 Implements pdfTeX's escape features (HO)
)
("C:\Users\Elisabetta\AppData\Local\Programs\MiKTeX 2.9\tex/latex/hycolor\hycol
or.sty"
Package: hycolor 2020-01-27 v1.10 Color options for hyperref/bookmark (HO)
)
("C:\Users\Elisabetta\AppData\Local\Programs\MiKTeX 2.9\tex/latex/letltxmacro\l
etltxmacro.sty"
Package: letltxmacro 2019/12/03 v1.6 Let assignment for LaTeX macros (HO)
)
("C:\Users\Elisabetta\AppData\Local\Programs\MiKTeX 2.9\tex/latex/auxhook\auxho
ok.sty"
Package: auxhook 2019-12-17 v1.6 Hooks for auxiliary files (HO)
)
("C:\Users\Elisabetta\AppData\Local\Programs\MiKTeX 2.9\tex/latex/kvoptions\kvo
ptions.sty"
Package: kvoptions 2019/11/29 v3.13 Key value format for package options (HO)
)
\@linkdim=\dimen190
\Hy@linkcounter=\count317
\Hy@pagecounter=\count318

("C:\Users\Elisabetta\AppData\Local\Programs\MiKTeX 2.9\tex/latex/hyperref\pd1e
nc.def"
File: pd1enc.def 2020-05-15 v7.00e Hyperref: PDFDocEncoding definition (HO)
Now handling font encoding PD1 ...
... no UTF-8 mapping file for font encoding PD1
)
("C:\Users\Elisabetta\AppData\Local\Programs\MiKTeX 2.9\tex/generic/intcalc\int
calc.sty"
Package: intcalc 2019/12/15 v1.3 Expandable calculations with integers (HO)
)
("C:\Users\Elisabetta\AppData\Local\Programs\MiKTeX 2.9\tex/generic/etexcmds\et
excmds.sty"
Package: etexcmds 2019/12/15 v1.7 Avoid name clashes with e-TeX commands (HO)
)
\Hy@SavedSpaceFactor=\count319
Package hyperref Info: Option `colorlinks' set `true' on input line 4338.
Package hyperref Info: Hyper figures OFF on input line 4464.
Package hyperref Info: Link nesting OFF on input line 4469.
Package hyperref Info: Hyper index ON on input line 4472.
Package hyperref Info: Plain pages OFF on input line 4479.
Package hyperref Info: Backreferencing OFF on input line 4484.
Package hyperref Info: Implicit mode ON; LaTeX internals redefined.
Package hyperref Info: Bookmarks ON on input line 4717.
\c@Hy@tempcnt=\count320
LaTeX Info: Redefining \url on input line 5076.
\XeTeXLinkMargin=\dimen191

("C:\Users\Elisabetta\AppData\Local\Programs\MiKTeX 2.9\tex/generic/bitset\bits
et.sty"
Package: bitset 2019/12/09 v1.3 Handle bit-vector datatype (HO)

("C:\Users\Elisabetta\AppData\Local\Programs\MiKTeX 2.9\tex/generic/bigintcalc\
bigintcalc.sty"
Package: bigintcalc 2019/12/15 v1.5 Expandable calculations on big integers (HO
)
))
\Fld@menulength=\count321
\Field@Width=\dimen192
\Fld@charsize=\dimen193
Package hyperref Info: Hyper figures OFF on input line 6347.
Package hyperref Info: Link nesting OFF on input line 6352.
Package hyperref Info: Hyper index ON on input line 6355.
Package hyperref Info: backreferencing OFF on input line 6362.
Package hyperref Info: Link coloring ON on input line 6365.
Package hyperref Info: Link coloring with OCG OFF on input line 6372.
Package hyperref Info: PDF/A mode OFF on input line 6377.
LaTeX Info: Redefining \ref on input line 6417.
LaTeX Info: Redefining \pageref on input line 6421.

("C:\Users\Elisabetta\AppData\Local\Programs\MiKTeX 2.9\tex/generic/atbegshi\at
begshi.sty"
Package: atbegshi 2019/12/05 v1.19 At begin shipout hook (HO)
)
\Hy@abspage=\count322
\c@Item=\count323
\c@Hfootnote=\count324
)
Package hyperref Info: Driver (autodetected): hpdftex.

("C:\Users\Elisabetta\AppData\Local\Programs\MiKTeX 2.9\tex/latex/hyperref\hpdf
tex.def"
File: hpdftex.def 2020-05-15 v7.00e Hyperref driver for pdfTeX

("C:\Users\Elisabetta\AppData\Local\Programs\MiKTeX 2.9\tex/latex/atveryend\atv
eryend.sty"
Package: atveryend 2019-12-11 v1.11 Hooks at the very end of document (HO)
)
\Fld@listcount=\count325
\c@bookmark@seq@number=\count326

("C:\Users\Elisabetta\AppData\Local\Programs\MiKTeX 2.9\tex/latex/rerunfilechec
k\rerunfilecheck.sty"
Package: rerunfilecheck 2019/12/05 v1.9 Rerun checks for auxiliary files (HO)

("C:\Users\Elisabetta\AppData\Local\Programs\MiKTeX 2.9\tex/generic/uniquecount
er\uniquecounter.sty"
Package: uniquecounter 2019/12/15 v1.4 Provide unlimited unique counter (HO)
)
Package uniquecounter Info: New unique counter `rerunfilecheck' on input line 2
86.
)
\Hy@SectionHShift=\skip100
)
("C:\Users\Elisabetta\AppData\Local\Programs\MiKTeX 2.9\tex/latex/acronym\acron
ym.sty"
Package: acronym 2020/04/17 v1.47 Support for acronyms (Tobias Oetiker)

("C:\Users\Elisabetta\AppData\Local\Programs\MiKTeX 2.9\tex/latex/bigfoot\suffi
x.sty"
Package: suffix 2006/07/15 1.5a Variant command support
)
("C:\Users\Elisabetta\AppData\Local\Programs\MiKTeX 2.9\tex/latex/xstring\xstri
ng.sty"
("C:\Users\Elisabetta\AppData\Local\Programs\MiKTeX 2.9\tex/generic/xstring\xst
ring.tex"
\integerpart=\count327
\decimalpart=\count328
)
Package: xstring 2019/02/06 v1.83 String manipulations (CT)
)
\AC@clearlist=\toks33
) (Report.aux

LaTeX Warning: Label `style_example' multiply defined.


LaTeX Warning: Label `style_example' multiply defined.

)
\openout1 = `Report.aux'.

LaTeX Font Info:    Checking defaults for OML/cmm/m/it on input line 93.
LaTeX Font Info:    ... okay on input line 93.
LaTeX Font Info:    Checking defaults for OMS/cmsy/m/n on input line 93.
LaTeX Font Info:    ... okay on input line 93.
LaTeX Font Info:    Checking defaults for OT1/cmr/m/n on input line 93.
LaTeX Font Info:    ... okay on input line 93.
LaTeX Font Info:    Checking defaults for T1/cmr/m/n on input line 93.
LaTeX Font Info:    ... okay on input line 93.
LaTeX Font Info:    Checking defaults for TS1/cmr/m/n on input line 93.
LaTeX Font Info:    ... okay on input line 93.
LaTeX Font Info:    Checking defaults for OMX/cmex/m/n on input line 93.
LaTeX Font Info:    ... okay on input line 93.
LaTeX Font Info:    Checking defaults for U/cmr/m/n on input line 93.
LaTeX Font Info:    ... okay on input line 93.
LaTeX Font Info:    Checking defaults for PD1/pdf/m/n on input line 93.
LaTeX Font Info:    ... okay on input line 93.
LaTeX Info: Redefining \it@ocap on input line 93.
LaTeX Info: Redefining \it@ccap on input line 93.

("C:\Users\Elisabetta\AppData\Local\Programs\MiKTeX 2.9\tex/context/base/mkii\s
upp-pdf.mkii"
[Loading MPS to PDF converter (version 2006.09.02).]
\scratchcounter=\count329
\scratchdimen=\dimen194
\scratchbox=\box74
\nofMPsegments=\count330
\nofMParguments=\count331
\everyMPshowfont=\toks34
\MPscratchCnt=\count332
\MPscratchDim=\dimen195
\MPnumerator=\count333
\makeMPintoPDFobject=\count334
\everyMPtoPDFconversion=\toks35
)
("C:\Users\Elisabetta\AppData\Local\Programs\MiKTeX 2.9\tex/latex/epstopdf-pkg\
epstopdf-base.sty"
Package: epstopdf-base 2020-01-24 v2.11 Base part for package epstopdf

("C:\Users\Elisabetta\AppData\Local\Programs\MiKTeX 2.9\tex/latex/grfext\grfext
.sty"
Package: grfext 2019/12/03 v1.3 Manage graphics extensions (HO)
)
Package epstopdf-base Info: Redefining graphics rule for `.eps' on input line 4
85.
Package grfext Info: Graphics extension search list:
(grfext)             [.pdf,.png,.jpg,.mps,.jpeg,.jbig2,.jb2,.PDF,.PNG,.JPG,.JPE
G,.JBIG2,.JB2,.eps]
(grfext)             \AppendGraphicsExtensions on input line 504.
)
("C:\Users\Elisabetta\AppData\Local\Programs\MiKTeX 2.9\tex/latex/translator\tr
anslator-basic-dictionary-English.dict"
Dictionary: translator-basic-dictionary, Language: English 
)
("C:\Users\Elisabetta\AppData\Local\Programs\MiKTeX 2.9\tex/latex/siunitx\siuni
tx-abbreviations.cfg"
File: siunitx-abbreviations.cfg 2017/11/26 v2.7k siunitx: Abbreviated units
)
Package caption Info: Begin \AtBeginDocument code.
Package caption Info: subfig package v1.3 is loaded.
Package caption Info: hyperref package is loaded.
Package caption Info: listings package is loaded.
Package caption Info: rotating package is loaded.
Package caption Info: End \AtBeginDocument code.
\c@lstlisting=\count335
\AtBeginShipoutBox=\box75
Package hyperref Info: Link coloring ON on input line 93.

("C:\Users\Elisabetta\AppData\Local\Programs\MiKTeX 2.9\tex/latex/hyperref\name
ref.sty"
Package: nameref 2019/09/16 v2.46 Cross-referencing by name of section

("C:\Users\Elisabetta\AppData\Local\Programs\MiKTeX 2.9\tex/latex/refcount\refc
ount.sty"
Package: refcount 2019/12/15 v3.6 Data extraction from label references (HO)
)
("C:\Users\Elisabetta\AppData\Local\Programs\MiKTeX 2.9\tex/generic/gettitlestr
ing\gettitlestring.sty"
Package: gettitlestring 2019/12/15 v1.6 Cleanup title references (HO)
)
\c@section@level=\count336
)
LaTeX Info: Redefining \ref on input line 93.
LaTeX Info: Redefining \pageref on input line 93.
LaTeX Info: Redefining \nameref on input line 93.
 (Report.out) (Report.out)
\@outlinefile=\write3
\openout3 = `Report.out'.

<Images/UNIPD.png, id=191, 80.7486pt x 80.7486pt>
File: Images/UNIPD.png Graphic file (type png)
<use Images/UNIPD.png>
Package pdftex.def Info: Images/UNIPD.png  used on input line 101.
(pdftex.def)             Requested size: 71.13658pt x 71.13188pt.

Overfull \hbox (38.99643pt too wide) in paragraph at lines 99--111
 []$$[]$ 
 []

[1



{C:/Users/Elisabetta/AppData/Local/MiKTeX/2.9/pdftex/config/pdftex.map} <./Imag
es/UNIPD.png>] [2

] (Report.toc [3])
\tf@toc=\write4
\openout4 = `Report.toc'.

 [4] (Chapters/Introduzione.tex
Capitolo 1.
[1



]) (Chapters/Istanze.tex
Underfull \hbox (badness 10000) in paragraph at lines 27--1

 []

[2]
Capitolo 2.
LaTeX Font Info:    Trying to load font information for T1+cmss on input line 8
.

("C:\Users\Elisabetta\AppData\Local\Programs\MiKTeX 2.9\tex/latex/base\t1cmss.f
d"
File: t1cmss.fd 2019/12/16 v2.5j Standard LaTeX font definitions
) (Source/esempio.tsp) [3

]) (Chapters/AlgoritmiCPLEX.tex [4]
Capitolo 3.
<Images/cplex_structs.png, id=323, 272.01625pt x 191.71625pt>
File: Images/cplex_structs.png Graphic file (type png)
<use Images/cplex_structs.png>
Package pdftex.def Info: Images/cplex_structs.png  used on input line 19.
(pdftex.def)             Requested size: 190.41006pt x 134.20045pt.

LaTeX Warning: `h' float specifier changed to `ht'.

<Images/indices_matrix.png, id=325, 293.095pt x 282.05376pt>
File: Images/indices_matrix.png Graphic file (type png)
<use Images/indices_matrix.png>
Package pdftex.def Info: Images/indices_matrix.png  used on input line 30.
(pdftex.def)             Requested size: 175.85834pt x 169.23355pt.
[5

] [6 <./Images/cplex_structs.png> <./Images/indices_matrix.png>] [7]
Underfull \hbox (badness 10000) in paragraph at lines 61--63

 []

[8]
Underfull \hbox (badness 10000) in paragraph at lines 74--78

 []

[9]
Underfull \vbox (badness 10000) has occurred while \output is active []

 [10]
<Images/albero_decisionale.png, id=384, 444.66125pt x 339.2675pt>
File: Images/albero_decisionale.png Graphic file (type png)
<use Images/albero_decisionale.png>
Package pdftex.def Info: Images/albero_decisionale.png  used on input line 122.

(pdftex.def)             Requested size: 311.26074pt x 237.48563pt.

[11 <./Images/albero_decisionale.png>] [12]
<Images/x_best.png, id=397, 717.68124pt x 479.7925pt>
File: Images/x_best.png Graphic file (type png)
<use Images/x_best.png>
Package pdftex.def Info: Images/x_best.png  used on input line 148.
(pdftex.def)             Requested size: 272.7217pt x 182.32303pt.


LaTeX Warning: `h' float specifier changed to `ht'.

[13]
Underfull \vbox (badness 10000) has occurred while \output is active []

 [14 <./Images/x_best.png>]
Underfull \hbox (badness 10000) in paragraph at lines 191--194

 []

[15]
<Images/opt.png, id=433, 770.88pt x 620.3175pt>
File: Images/opt.png Graphic file (type png)
<use Images/opt.png>
Package pdftex.def Info: Images/opt.png  used on input line 207.
(pdftex.def)             Requested size: 292.93744pt x 235.7231pt.


LaTeX Warning: `h' float specifier changed to `ht'.

[16]
<Images/local_exe.png, id=440, 814.04124pt x 540.0175pt>
File: Images/local_exe.png Graphic file (type png)
<use Images/local_exe.png>
Package pdftex.def Info: Images/local_exe.png  used on input line 220.
(pdftex.def)             Requested size: 309.33888pt x 205.20877pt.


LaTeX Warning: `h' float specifier changed to `ht'.

<Images/patching.png, id=442, 762.85pt x 496.85625pt>
File: Images/patching.png Graphic file (type png)
<use Images/patching.png>
Package pdftex.def Info: Images/patching.png  used on input line 229.
(pdftex.def)             Requested size: 289.88602pt x 188.80733pt.

Underfull \hbox (badness 10000) in paragraph at lines 225--241

 []


Underfull \hbox (badness 10000) in paragraph at lines 225--241

 []

[17 <./Images/opt.png>]

LaTeX Warning: `h' float specifier changed to `ht'.

) (Chapters/Euristici.tex
Underfull \vbox (badness 10000) has occurred while \output is active []

 [18 <./Images/local_exe.png>] [19 <./Images/patching.png>] [20

]
Capitolo 4.
<Images/nearest_neighborhood.png, id=479, 891.33pt x 499.8675pt>
File: Images/nearest_neighborhood.png Graphic file (type png)
<use Images/nearest_neighborhood.png>
Package pdftex.def Info: Images/nearest_neighborhood.png  used on input line 28
.
(pdftex.def)             Requested size: 356.52568pt x 199.94345pt.

Underfull \hbox (badness 10000) in paragraph at lines 19--32

 []

[21] [22 <./Images/nearest_neighborhood.png>]
Underfull \hbox (badness 10000) in paragraph at lines 47--50

 []

<Images/partial_cycle.png, id=493, 835.12pt x 437.635pt>
File: Images/partial_cycle.png Graphic file (type png)
<use Images/partial_cycle.png>
Package pdftex.def Info: Images/partial_cycle.png  used on input line 54.
(pdftex.def)             Requested size: 250.53793pt x 131.2915pt.
<Images/insertion.png, id=494, 816.04875pt x 605.26125pt>
File: Images/insertion.png Graphic file (type png)
<use Images/insertion.png>
Package pdftex.def Info: Images/insertion.png  used on input line 61.
(pdftex.def)             Requested size: 326.41371pt x 242.1002pt.
[23] [24 <./Images/partial_cycle.png> <./Images/insertion.png>]
<Images/triangle_property.png, id=511, 730.73pt x 328.22626pt>
File: Images/triangle_property.png Graphic file (type png)
<use Images/triangle_property.png>
Package pdftex.def Info: Images/triangle_property.png  used on input line 72.
(pdftex.def)             Requested size: 365.3641pt x 164.11272pt.
<Images/swap.png, id=512, 774.895pt x 630.355pt>
File: Images/swap.png Graphic file (type png)
<use Images/swap.png>
Package pdftex.def Info: Images/swap.png  used on input line 81.
(pdftex.def)             Requested size: 309.95251pt x 252.13753pt.

Underfull \vbox (badness 10000) has occurred while \output is active []

 [25 <./Images/triangle_property.png>]
Underfull \hbox (badness 10000) in paragraph at lines 86--87

 []

<Images/two_optimality.png, id=521, 941.5175pt x 570.13pt>
File: Images/two_optimality.png Graphic file (type png)
<use Images/two_optimality.png>
Package pdftex.def Info: Images/two_optimality.png  used on input line 92.
(pdftex.def)             Requested size: 376.60033pt x 228.04796pt.

Underfull \vbox (badness 10000) has occurred while \output is active []

 [26 <./Images/swap.png>]
Underfull \hbox (badness 10000) in paragraph at lines 97--99

 []

<Images/3_swap.png, id=531, 1051.93pt x 453.695pt>
File: Images/3_swap.png Graphic file (type png)
<use Images/3_swap.png>
Package pdftex.def Info: Images/3_swap.png  used on input line 104.
(pdftex.def)             Requested size: 368.18102pt x 158.79562pt.

Underfull \vbox (badness 10000) has occurred while \output is active []

 [27 <./Images/two_optimality.png>]
<Images/multistart.png, id=540, 814.04124pt x 540.0175pt>
File: Images/multistart.png Graphic file (type png)
<use Images/multistart.png>
Package pdftex.def Info: Images/multistart.png  used on input line 117.
(pdftex.def)             Requested size: 407.01962pt x 270.00809pt.

Overfull \hbox (17.01962pt too wide) in paragraph at lines 117--117
 [] 
 []

[28 <./Images/3_swap.png>]
<Images/VNS.png, id=549, 986.68625pt x 567.11874pt>
File: Images/VNS.png Graphic file (type png)
<use Images/VNS.png>
Package pdftex.def Info: Images/VNS.png  used on input line 127.
(pdftex.def)             Requested size: 394.66751pt x 226.84348pt.

Overfull \hbox (4.66751pt too wide) in paragraph at lines 127--127
 [] 
 []


Underfull \hbox (badness 10000) in paragraph at lines 124--131

 []

[29 <./Images/multistart.png>]
<Images/k_opt_move.png, id=559, 948.54375pt x 467.7475pt>
File: Images/k_opt_move.png Graphic file (type png)
<use Images/k_opt_move.png>
Package pdftex.def Info: Images/k_opt_move.png  used on input line 151.
(pdftex.def)             Requested size: 379.41077pt x 187.09567pt.

Underfull \vbox (badness 10000) has occurred while \output is active []

 [30 <./Images/VNS.png>]
<Images/tenure.png, id=569, 964.60374pt x 335.2525pt>
File: Images/tenure.png Graphic file (type png)
<use Images/tenure.png>
Package pdftex.def Info: Images/tenure.png  used on input line 162.
(pdftex.def)             Requested size: 337.61636pt x 117.34013pt.
 [31 <./Images/k_opt_move.png>]
Underfull \hbox (badness 10000) in paragraph at lines 167--202

 []


Underfull \vbox (badness 10000) has occurred while \output is active []

 [32 <./Images/tenure.png>]
<Images/simulated_anneling.png, id=589, 891.33pt x 437.635pt>
File: Images/simulated_anneling.png Graphic file (type png)
<use Images/simulated_anneling.png>
Package pdftex.def Info: Images/simulated_anneling.png  used on input line 207.

(pdftex.def)             Requested size: 383.26443pt x 188.17938pt.

Underfull \vbox (badness 3168) has occurred while \output is active []

 [33]
[34 <./Images/simulated_anneling.png>]
Underfull \hbox (badness 10000) in paragraph at lines 227--229

 []


Underfull \vbox (badness 10000) has occurred while \output is active []

 [35]
Underfull \hbox (badness 10000) in paragraph at lines 256--283

 []

<Images/crossover.png, id=618, 1003.75pt x 369.38pt>
File: Images/crossover.png Graphic file (type png)
<use Images/crossover.png>
Package pdftex.def Info: Images/crossover.png  used on input line 287.
(pdftex.def)             Requested size: 371.38168pt x 136.66846pt.

Underfull \vbox (badness 10000) has occurred while \output is active []

 [36]
<Images/mutation.png, id=634, 952.55875pt x 172.645pt>
File: Images/mutation.png Graphic file (type png)
<use Images/mutation.png>
Package pdftex.def Info: Images/mutation.png  used on input line 320.
(pdftex.def)             Requested size: 381.01675pt x 69.05676pt.

Underfull \vbox (badness 10000) has occurred while \output is active []

 [37 <./Images/crossover.png>]) (Chapters/Performance.tex [38 <./Images/mutatio
n.png>]
Capitolo 5.
[39

]

LaTeX Warning: `h' float specifier changed to `ht'.

[40]
<Images/perf_profile.png, id=687, 871.255pt x 529.98pt>
File: Images/perf_profile.png Graphic file (type png)
<use Images/perf_profile.png>
Package pdftex.def Info: Images/perf_profile.png  used on input line 54.
(pdftex.def)             Requested size: 348.49583pt x 211.98824pt.
 [41 <./Images/perf_profile.png>]) (Chapters/Appendice.tex [42]
Appendice A.

Package hyperref Warning: Difference (2) between bookmark levels is greater 
(hyperref)                than one, level fixed on input line 5.


Package hyperref Warning: Difference (2) between bookmark levels is greater 
(hyperref)                than one, level fixed on input line 6.


("C:\Users\Elisabetta\AppData\Local\Programs\MiKTeX 2.9\tex/latex/listings\lstl
ang1.sty"
File: lstlang1.sty 2020/03/24 1.8d listings language file
)
("C:\Users\Elisabetta\AppData\Local\Programs\MiKTeX 2.9\tex/latex/listings\lstm
isc.sty"
File: lstmisc.sty 2020/03/24 1.8d (Carsten Heinz)
) (Source/modelTSP.txt
consecutive:
)

LaTeX Warning: `h' float specifier changed to `ht'.

[43

]
Underfull \hbox (badness 10000) in paragraph at lines 59--61

 []

[44]

LaTeX Warning: `h' float specifier changed to `ht'.

[45]
Underfull \hbox (badness 10000) in paragraph at lines 122--123

 []


Overfull \hbox (5.90918pt too wide) in paragraph at lines 124--130
 [] 
 []


LaTeX Warning: `h' float specifier changed to `ht'.

[46]

LaTeX Warning: `h' float specifier changed to `ht'.


Underfull \vbox (badness 3009) has occurred while \output is active []

 [47]
Underfull \hbox (badness 10000) in paragraph at lines 191--192

 []


Underfull \hbox (badness 10000) in paragraph at lines 209--210

 []


LaTeX Warning: `h' float specifier changed to `ht'.

[48]
Underfull \hbox (badness 10000) in paragraph at lines 247--249

 []

LaTeX Font Info:    Trying to load font information for TS1+cmss on input line 
252.

("C:\Users\Elisabetta\AppData\Local\Programs\MiKTeX 2.9\tex/latex/base\ts1cmss.
fd"
File: ts1cmss.fd 2019/12/16 v2.5j Standard LaTeX font definitions
)
Overfull \hbox (147.9106pt too wide) in paragraph at lines 252--253
[][][][][][][][][][][][][][][][][][][][][][] 
 []


Overfull \hbox (29.2853pt too wide) in paragraph at lines 250--255
 [] 
 []


LaTeX Warning: `h' float specifier changed to `ht'.

[49]
Overfull \hbox (2.9223pt too wide) in paragraph at lines 291--313
 [][] 
 []


LaTeX Warning: `h' float specifier changed to `ht'.

<Images/lazy_constraints.png, id=773, 338.26375pt x 147.55125pt>
File: Images/lazy_constraints.png Graphic file (type png)
<use Images/lazy_constraints.png>
Package pdftex.def Info: Images/lazy_constraints.png  used on input line 318.
(pdftex.def)             Requested size: 169.13145pt x 73.77544pt.
[50 <./Images/lazy_constraints.png>]
Overfull \hbox (16.1079pt too wide) in paragraph at lines 334--340
 [][] 
 []


LaTeX Warning: `h' float specifier changed to `ht'.


Underfull \hbox (badness 10000) in paragraph at lines 341--343

 []

[51]
Overfull \hbox (3.90918pt too wide) in paragraph at lines 361--362
[][][][][][][][][][][][][][][][][][][][][] 
 []


Overfull \hbox (15.90633pt too wide) in paragraph at lines 362--363
[][][][][][][][][][][][][][][][] 
 []


Overfull \hbox (3.36934pt too wide) in paragraph at lines 368--382
 [][] 
 []


LaTeX Warning: `h' float specifier changed to `ht'.


Overfull \hbox (3.90918pt too wide) in paragraph at lines 389--390
[][][][][][][][][][][][][][][][][][][][][][] 
 []


Overfull \hbox (5.90918pt too wide) in paragraph at lines 387--392
 [] 
 []


Overfull \hbox (15.4094pt too wide) in paragraph at lines 395--404
 [][] 
 []


LaTeX Warning: `h' float specifier changed to `ht'.

[52]
Overfull \hbox (19.43625pt too wide) in paragraph at lines 415--424
 [][] 
 []


LaTeX Warning: `h' float specifier changed to `ht'.


Overfull \hbox (3.69333pt too wide) in paragraph at lines 428--437
 [][] 
 []


LaTeX Warning: `h' float specifier changed to `ht'.


Overfull \hbox (1.91911pt too wide) in paragraph at lines 442--443
[][][][][][][][][][][][][][][][] 
 []


Overfull \hbox (15.44133pt too wide) in paragraph at lines 448--455
 [][] 
 []


LaTeX Warning: `h' float specifier changed to `ht'.

[53]
Overfull \hbox (9.87202pt too wide) in paragraph at lines 469--484
 [][] 
 []


LaTeX Warning: `h' float specifier changed to `ht'.


LaTeX Warning: `h' float specifier changed to `ht'.


Overfull \hbox (9.87202pt too wide) in paragraph at lines 504--520
 [][] 
 []


LaTeX Warning: `h' float specifier changed to `ht'.


Overfull \hbox (11.93402pt too wide) in paragraph at lines 532--537
 [][] 
 []

[54]

LaTeX Warning: `h' float specifier changed to `ht'.


Overfull \hbox (175.86803pt too wide) in paragraph at lines 542--543
[][][][][][][][][][][][][][][][][][][][][][][][][][][][][][][][][][][][] 
 []


Overfull \hbox (373.24976pt too wide) in paragraph at lines 548--567
 [][] 
 []


Overfull \hbox (179.86803pt too wide) in paragraph at lines 540--568
 [] 
 []


LaTeX Warning: `h' float specifier changed to `ht'.

[55]
Overfull \hbox (1.90918pt too wide) in paragraph at lines 573--574
[][][][][][][][][][][][][][][][][][][][] 
 []


Overfull \hbox (5.90918pt too wide) in paragraph at lines 571--576
 [] 
 []


Overfull \hbox (9.18169pt too wide) in paragraph at lines 579--589
 [][] 
 []


LaTeX Warning: `h' float specifier changed to `ht'.

[56]
Overfull \hbox (1.90918pt too wide) in paragraph at lines 600--601
[][][][][][][][][][][][] 
 []


Overfull \hbox (1.90918pt too wide) in paragraph at lines 601--602
[][][][][][][][][][][][][][][][][] 
 []


Overfull \hbox (5.90918pt too wide) in paragraph at lines 598--604
 [] 
 []


LaTeX Warning: `h' float specifier changed to `ht'.


Overfull \hbox (4.90776pt too wide) in paragraph at lines 620--621
[][][][][][][][][][][][][][][][][][][] 
 []


Overfull \hbox (11.90776pt too wide) in paragraph at lines 618--623
 [] 
 []


LaTeX Warning: `h' float specifier changed to `ht'.


Overfull \hbox (0.91344pt too wide) in paragraph at lines 641--642
[][][][][][][][][][][][] 
 []


LaTeX Warning: `h' float specifier changed to `ht'.


Overfull \hbox (0.91344pt too wide) in paragraph at lines 666--667
[][][][][][][][][][][][][][][][][][][][][][][] 
 []


Overfull \hbox (53.75406pt too wide) in paragraph at lines 672--693
 [][] 
 []


LaTeX Warning: `h' float specifier changed to `ht'.

[57]
Overfull \hbox (10.612pt too wide) in paragraph at lines 706--719
 [][] 
 []


LaTeX Warning: `h' float specifier changed to `ht'.

[58]
Overfull \hbox (13.19891pt too wide) in paragraph at lines 741--749
 [][] 
 []


LaTeX Warning: `h' float specifier changed to `ht'.


Overfull \hbox (57.37466pt too wide) in paragraph at lines 753--781
 [][] 
 []


LaTeX Warning: `h' float specifier changed to `ht'.


LaTeX Warning: `h' float specifier changed to `ht'.

[59] (Source/style_example.txt [60])

! LaTeX Error: There's no line here to end.

See the LaTeX manual or LaTeX Companion for explanation.
Type  H <return>  for immediate help.
 ...                                              
                                                  
l.812 ...lore viene utilizzato come etichetta.\\\\
                                                  
Your command was ignored.
Type  I <command> <return>  to replace it with another command,
or  <return>  to continue without it.


Underfull \vbox (badness 3590) has occurred while \output is active []

 [61]

! LaTeX Error: There's no line here to end.

See the LaTeX manual or LaTeX Companion for explanation.
Type  H <return>  for immediate help.
 ...                                              
                                                  
l.823 ...sunto come nodo di origine il nodo 1.\\\\
                                                  
Your command was ignored.
Type  I <command> <return>  to replace it with another command,
or  <return>  to continue without it.


! LaTeX Error: There's no line here to end.

See the LaTeX manual or LaTeX Companion for explanation.
Type  H <return>  for immediate help.
 ...                                              
                                                  
l.824 ...all'interno di \textbf{solution.dat}.\\\\
                                                  
Your command was ignored.
Type  I <command> <return>  to replace it with another command,
or  <return>  to continue without it.


! LaTeX Error: There's no line here to end.

See the LaTeX manual or LaTeX Companion for explanation.
Type  H <return>  for immediate help.
 ...                                              
                                                  
l.825 ... nell'immagine \textbf{solution.png}.\\\\
                                                  
Your command was ignored.
Type  I <command> <return>  to replace it with another command,
or  <return>  to continue without it.

[62] (Source/gnuplotC.txt) (Source/gnuplotC.txt
consecutive:
) [63] (Source/gnuplotC.txt
consecutive:
) [64]
<Images/profile_out.png, id=945, 500.46976pt x 401.70074pt>
File: Images/profile_out.png Graphic file (type png)
<use Images/profile_out.png>
Package pdftex.def Info: Images/profile_out.png  used on input line 901.
(pdftex.def)             Requested size: 300.28416pt x 241.0223pt.
) (Report.bbl [65 <./Images/profile_out.png>] [66

]
LaTeX Font Info:    Trying to load font information for T1+cmtt on input line 4
.

("C:\Users\Elisabetta\AppData\Local\Programs\MiKTeX 2.9\tex/latex/base\t1cmtt.f
d"
File: t1cmtt.fd 2019/12/16 v2.5j Standard LaTeX font definitions
))

! LaTeX Error: \begin{center} on input line 539 ended by \end{document}.

See the LaTeX manual or LaTeX Companion for explanation.
Type  H <return>  for immediate help.
 ...                                              
                                                  
l.184 \end{document}
                    
Your command was ignored.
Type  I <command> <return>  to replace it with another command,
or  <return>  to continue without it.

Package atveryend Info: Empty hook `BeforeClearDocument' on input line 184.
[67]
Package atveryend Info: Empty hook `AfterLastShipout' on input line 184.
 (Report.aux)
Package atveryend Info: Executing hook `AtVeryEndDocument' on input line 184.
Package atveryend Info: Executing hook `AtEndAfterFileList' on input line 184.


Package rerunfilecheck Warning: File `Report.out' has changed.
(rerunfilecheck)                Rerun to get outlines right
(rerunfilecheck)                or use package `bookmark'.

Package rerunfilecheck Info: Checksums for `Report.out':
(rerunfilecheck)             Before: 21BB62CE4E7984D8647793FBE997D599;3385
(rerunfilecheck)             After:  CA4305EE1AD6461DAFF7E89838105E5C;3401.

LaTeX Warning: There were multiply-defined labels.

 )
(\end occurred inside a group at level 2)

### semi simple group (level 2) entered at line 539 (\begingroup)
### semi simple group (level 1) entered at line 524 (\begingroup)
### bottom level 
Here is how much of TeX's memory you used:
 17342 strings out of 480799
 308167 string characters out of 2893449
 788233 words of memory out of 3000000
 32535 multiletter control sequences out of 15000+200000
 560319 words of font info for 84 fonts, out of 3000000 for 9000
 1141 hyphenation exceptions out of 8191
 47i,20n,55p,1760b,2560s stack positions out of 5000i,500n,10000p,200000b,50000s
 <C:\Users\Elisabetta\AppData\Local\MiKTeX\2.9\fonts/pk/ljfour/
jknappen/ec/dpi600\ectt1095.pk> <C:\Users\Elisabetta\AppData\Local\MiKTeX\2.9\f
onts/pk/ljfour/jknappen/ec/dpi600\ecrm0700.pk> <C:\Users\Elisabetta\AppData\Loc
al\MiKTeX\2.9\fonts/pk/ljfour/jknappen/ec/dpi600\tcss1000.pk> <C:\Users\Elisabe
tta\AppData\Local\MiKTeX\2.9\fonts/pk/ljfour/jknappen/ec/dpi600\ecrm0800.pk> <C
:\Users\Elisabetta\AppData\Local\MiKTeX\2.9\fonts/pk/ljfour/jknappen/ec/dpi600\
ecbx1000.pk> <C:\Users\Elisabetta\AppData\Local\MiKTeX\2.9\fonts/pk/ljfour/jkna
ppen/ec/dpi600\ecbx0800.pk> <C:\Users\Elisabetta\AppData\Local\MiKTeX\2.9\fonts
/pk/ljfour/jknappen/ec/dpi600\ecbx1440.pk> <C:\Users\Elisabetta\AppData\Local\M
iKTeX\2.9\fonts/pk/ljfour/jknappen/ec/dpi600\ecrm1000.pk> <C:\Users\Elisabetta\
AppData\Local\MiKTeX\2.9\fonts/pk/ljfour/jknappen/ec/dpi600\ecss1000.pk> <C:\Us
ers\Elisabetta\AppData\Local\MiKTeX\2.9\fonts/pk/ljfour/jknappen/ec/dpi600\ecrm
0600.pk> <C:\Users\Elisabetta\AppData\Local\MiKTeX\2.9\fonts/pk/ljfour/jknappen
/ec/dpi600\ecbx1728.pk> <C:\Users\Elisabetta\AppData\Local\MiKTeX\2.9\fonts/pk/
ljfour/jknappen/ec/dpi600\tcrm1200.pk> <C:\Users\Elisabetta\AppData\Local\MiKTe
X\2.9\fonts/pk/ljfour/jknappen/ec/dpi600\ecsl1200.pk> <C:\Users\Elisabetta\AppD
ata\Local\MiKTeX\2.9\fonts/pk/ljfour/jknappen/ec/dpi600\ecbx1200.pk> <C:\Users\
Elisabetta\AppData\Local\MiKTeX\2.9\fonts/pk/ljfour/jknappen/ec/dpi600\ecbx2488
.pk> <C:\Users\Elisabetta\AppData\Local\MiKTeX\2.9\fonts/pk/ljfour/jknappen/ec/
dpi600\eccc1200.pk> <C:\Users\Elisabetta\AppData\Local\MiKTeX\2.9\fonts/pk/ljfo
ur/jknappen/ec/dpi600\ecrm1200.pk> <C:\Users\Elisabetta\AppData\Local\MiKTeX\2.
9\fonts/pk/ljfour/jknappen/ec/dpi600\ecti1200.pk> <C:\Users\Elisabetta\AppData\
Local\MiKTeX\2.9\fonts/pk/ljfour/jknappen/ec/dpi600\ecti1728.pk> <C:\Users\Elis
abetta\AppData\Local\MiKTeX\2.9\fonts/pk/ljfour/jknappen/ec/dpi600\eccc1728.pk>
 <C:\Users\Elisabetta\AppData\Local\MiKTeX\2.9\fonts/pk/ljfour/jknappen/ec/dpi6
00\ecxc1728.pk><C:/Users/Elisabetta/AppData/Local/Programs/MiKTeX 2.9/fonts/typ
e1/public/amsfonts/cm/cmex10.pfb><C:/Users/Elisabetta/AppData/Local/Programs/Mi
KTeX 2.9/fonts/type1/public/amsfonts/cm/cmmi12.pfb><C:/Users/Elisabetta/AppData
/Local/Programs/MiKTeX 2.9/fonts/type1/public/amsfonts/cm/cmmi6.pfb><C:/Users/E
lisabetta/AppData/Local/Programs/MiKTeX 2.9/fonts/type1/public/amsfonts/cm/cmmi
8.pfb><C:/Users/Elisabetta/AppData/Local/Programs/MiKTeX 2.9/fonts/type1/public
/amsfonts/cm/cmr10.pfb><C:/Users/Elisabetta/AppData/Local/Programs/MiKTeX 2.9/f
onts/type1/public/amsfonts/cm/cmr12.pfb><C:/Users/Elisabetta/AppData/Local/Prog
rams/MiKTeX 2.9/fonts/type1/public/amsfonts/cm/cmr8.pfb><C:/Users/Elisabetta/Ap
pData/Local/Programs/MiKTeX 2.9/fonts/type1/public/amsfonts/cm/cmsy10.pfb><C:/U
sers/Elisabetta/AppData/Local/Programs/MiKTeX 2.9/fonts/type1/public/amsfonts/c
m/cmsy6.pfb><C:/Users/Elisabetta/AppData/Local/Programs/MiKTeX 2.9/fonts/type1/
public/amsfonts/cm/cmsy8.pfb><C:/Users/Elisabetta/AppData/Local/Programs/MiKTeX
 2.9/fonts/type1/public/amsfonts/cm/cmtt12.pfb><C:/Users/Elisabetta/AppData/Loc
al/Programs/MiKTeX 2.9/fonts/type1/public/amsfonts/cm/cmtt8.pfb>
Output written on Report.pdf (71 pages, 1308401 bytes).
PDF statistics:
 1813 PDF objects out of 2073 (max. 8388607)
 425 named destinations out of 1000 (max. 500000)
 502 words of extra memory for PDF output out of 10000 (max. 10000000)

