  heuristic.c
D:\github\OperationalResearch2\TSP\TSP\heuristic.h(85,36): warning C4224: nonstandard extension used: formal parameter 'tsp_instance' was previously defined as a type
D:\github\OperationalResearch2\TSP\TSP\heuristic.c(764,18): warning C4244: 'function': conversion from 'time_t' to 'unsigned int', possible loss of data
D:\github\OperationalResearch2\TSP\TSP\heuristic.c(1028,18): warning C4244: 'function': conversion from 'double' to 'int', possible loss of data
D:\github\OperationalResearch2\TSP\TSP\heuristic.c(918,1): warning C4244: 'initializing': conversion from 'double' to 'int', possible loss of data
D:\github\OperationalResearch2\TSP\TSP\heuristic.c(919,1): warning C4244: 'initializing': conversion from 'double' to 'int', possible loss of data
D:\github\OperationalResearch2\TSP\TSP\heuristic.c(1283,40): warning C4244: 'function': conversion from 'double' to 'int', possible loss of data
D:\github\OperationalResearch2\TSP\TSP\heuristic.c(1386,51): warning C4047: 'function': 'void *(*)(void *)' differs in levels of indirection from 'void (*)(void *)'
D:\github\OperationalResearch2\TSP\TSP\heuristic.c(1386,51): warning C4022: 'pthread_create': pointer mismatch for actual parameter 3
D:\github\OperationalResearch2\TSP\TSP\heuristic.c(1466,10): warning C4477: 'printf' : format string '%d' requires an argument of type 'int', but variadic argument 2 has type 'double'
D:\github\OperationalResearch2\TSP\TSP\heuristic.c(1480,10): warning C4477: 'printf' : format string '%.2lf' requires an argument of type 'double', but variadic argument 1 has type 'int'
D:\github\OperationalResearch2\TSP\TSP\heuristic.c(1480,59): warning C4474: 'printf' : too many arguments passed for format string
D:\github\OperationalResearch2\TSP\TSP\heuristic.c(1480,59): message : placeholders and their parameters expect 1 variadic arguments, but 2 were provided
D:\github\OperationalResearch2\TSP\TSP\heuristic.c(1442,1): warning C4244: 'initializing': conversion from 'double' to 'int', possible loss of data
D:\github\OperationalResearch2\TSP\TSP\heuristic.c(1616,10): warning C4477: 'printf' : format string '%.2lf' requires an argument of type 'double', but variadic argument 1 has type 'int'
D:\github\OperationalResearch2\TSP\TSP\heuristic.c(1616,29): warning C4474: 'printf' : too many arguments passed for format string
D:\github\OperationalResearch2\TSP\TSP\heuristic.c(1616,29): message : placeholders and their parameters expect 1 variadic arguments, but 4 were provided
  Generating code
  1 of 65 functions ( 1.5%) were compiled, the rest were copied from previous compilation.
    0 functions were new in current compilation
    2 functions had inline decision re-evaluated but remain unchanged
  Finished generating code
  TSP.vcxproj -> D:\github\OperationalResearch2\TSP\x64\Release\TSP.exe
