c:\users\user\github\operational-research-2\tsp\tsp\x64\debug\vc142.pdb
c:\users\user\github\operational-research-2\tsp\tsp\x64\debug\vc142.idb
c:\users\user\github\operational-research-2\tsp\tsp\x64\debug\utility.obj
c:\users\user\github\operational-research-2\tsp\tsp\x64\debug\tsp.obj
c:\users\user\github\operational-research-2\tsp\tsp\x64\debug\mtz_solver.obj
c:\users\user\github\operational-research-2\tsp\tsp\x64\debug\loop_solver.obj
c:\users\user\github\operational-research-2\tsp\tsp\x64\debug\input.obj
c:\users\user\github\operational-research-2\tsp\tsp\x64\debug\gg_solver.obj
c:\users\user\github\operational-research-2\tsp\tsp\x64\debug\cplex_solver.obj
c:\users\user\github\operational-research-2\tsp\tsp\x64\debug\bc_solver.obj
c:\users\user\github\operational-research-2\tsp\x64\debug\tsp.pdb
c:\users\user\github\operational-research-2\tsp\tsp\x64\debug\tsp.tlog\cl.command.1.tlog
c:\users\user\github\operational-research-2\tsp\tsp\x64\debug\tsp.tlog\cl.read.1.tlog
c:\users\user\github\operational-research-2\tsp\tsp\x64\debug\tsp.tlog\cl.write.1.tlog
c:\users\user\github\operational-research-2\tsp\tsp\x64\debug\tsp.tlog\link-cvtres.read.1.tlog
c:\users\user\github\operational-research-2\tsp\tsp\x64\debug\tsp.tlog\link-cvtres.write.1.tlog
c:\users\user\github\operational-research-2\tsp\tsp\x64\debug\tsp.tlog\link-rc.read.1.tlog
c:\users\user\github\operational-research-2\tsp\tsp\x64\debug\tsp.tlog\link-rc.write.1.tlog
c:\users\user\github\operational-research-2\tsp\tsp\x64\debug\tsp.tlog\link.18340-cvtres.read.1.tlog
c:\users\user\github\operational-research-2\tsp\tsp\x64\debug\tsp.tlog\link.18340-cvtres.write.1.tlog
c:\users\user\github\operational-research-2\tsp\tsp\x64\debug\tsp.tlog\link.18340-rc.read.1.tlog
c:\users\user\github\operational-research-2\tsp\tsp\x64\debug\tsp.tlog\link.18340-rc.write.1.tlog
c:\users\user\github\operational-research-2\tsp\tsp\x64\debug\tsp.tlog\link.18340.read.1.tlog
c:\users\user\github\operational-research-2\tsp\tsp\x64\debug\tsp.tlog\link.18340.write.1.tlog
c:\users\user\github\operational-research-2\tsp\tsp\x64\debug\tsp.tlog\link.command.1.tlog
c:\users\user\github\operational-research-2\tsp\tsp\x64\debug\tsp.tlog\link.read.1.tlog
c:\users\user\github\operational-research-2\tsp\tsp\x64\debug\tsp.tlog\link.write.1.tlog
