  bc_solver.c
D:\github\OperationalResearch2\TSP\TSP\cplex_solver.h(5,10): fatal error C1083: Cannot open include file: 'cplex.h': No such file or directory
  cplex_solver.c
D:\github\OperationalResearch2\TSP\TSP\cplex_solver.h(5,10): fatal error C1083: Cannot open include file: 'cplex.h': No such file or directory
  gg_solver.c
D:\github\OperationalResearch2\TSP\TSP\cplex_solver.h(5,10): fatal error C1083: Cannot open include file: 'cplex.h': No such file or directory
  heuristic.c
D:\github\OperationalResearch2\TSP\TSP\heuristic.c(226,18): warning C4244: 'function': conversion from 'time_t' to 'unsigned int', possible loss of data
D:\github\OperationalResearch2\TSP\TSP\heuristic.c(345,18): warning C4244: 'function': conversion from 'time_t' to 'unsigned int', possible loss of data
D:\github\OperationalResearch2\TSP\TSP\heuristic.c(662,18): warning C4244: 'function': conversion from 'time_t' to 'unsigned int', possible loss of data
D:\github\OperationalResearch2\TSP\TSP\heuristic.c(902,18): warning C4244: 'function': conversion from 'double' to 'int', possible loss of data
D:\github\OperationalResearch2\TSP\TSP\heuristic.c(808,1): warning C4244: 'initializing': conversion from 'double' to 'int', possible loss of data
D:\github\OperationalResearch2\TSP\TSP\heuristic.c(1097,40): warning C4244: 'function': conversion from 'double' to 'int', possible loss of data
  input.c
D:\github\OperationalResearch2\TSP\TSP\input.c(23,8): error C4996: 'strcpy': This function or variable may be unsafe. Consider using strcpy_s instead. To disable deprecation, use _CRT_SECURE_NO_WARNINGS. See online help for details.
D:\github\OperationalResearch2\TSP\TSP\input.c(24,8): error C4996: 'strcpy': This function or variable may be unsafe. Consider using strcpy_s instead. To disable deprecation, use _CRT_SECURE_NO_WARNINGS. See online help for details.
D:\github\OperationalResearch2\TSP\TSP\input.c(99,11): error C4996: 'strcpy': This function or variable may be unsafe. Consider using strcpy_s instead. To disable deprecation, use _CRT_SECURE_NO_WARNINGS. See online help for details.
D:\github\OperationalResearch2\TSP\TSP\input.c(111,11): error C4996: 'strcpy': This function or variable may be unsafe. Consider using strcpy_s instead. To disable deprecation, use _CRT_SECURE_NO_WARNINGS. See online help for details.
D:\github\OperationalResearch2\TSP\TSP\input.c(231,12): error C4996: 'fopen': This function or variable may be unsafe. Consider using fopen_s instead. To disable deprecation, use _CRT_SECURE_NO_WARNINGS. See online help for details.
D:\github\OperationalResearch2\TSP\TSP\input.c(243,11): error C4996: 'strtok': This function or variable may be unsafe. Consider using strtok_s instead. To disable deprecation, use _CRT_SECURE_NO_WARNINGS. See online help for details.
D:\github\OperationalResearch2\TSP\TSP\input.c(258,30): error C4996: 'strtok': This function or variable may be unsafe. Consider using strtok_s instead. To disable deprecation, use _CRT_SECURE_NO_WARNINGS. See online help for details.
D:\github\OperationalResearch2\TSP\TSP\input.c(277,18): error C4996: 'strtok': This function or variable may be unsafe. Consider using strtok_s instead. To disable deprecation, use _CRT_SECURE_NO_WARNINGS. See online help for details.
D:\github\OperationalResearch2\TSP\TSP\input.c(281,36): error C4996: 'strtok': This function or variable may be unsafe. Consider using strtok_s instead. To disable deprecation, use _CRT_SECURE_NO_WARNINGS. See online help for details.
D:\github\OperationalResearch2\TSP\TSP\input.c(282,36): error C4996: 'strtok': This function or variable may be unsafe. Consider using strtok_s instead. To disable deprecation, use _CRT_SECURE_NO_WARNINGS. See online help for details.
  loop_solver.c
D:\github\OperationalResearch2\TSP\TSP\cplex_solver.h(5,10): fatal error C1083: Cannot open include file: 'cplex.h': No such file or directory
  mtz_solver.c
D:\github\OperationalResearch2\TSP\TSP\cplex_solver.h(5,10): fatal error C1083: Cannot open include file: 'cplex.h': No such file or directory
  tsp.c
D:\github\OperationalResearch2\TSP\TSP\cplex_solver.h(5,10): fatal error C1083: Cannot open include file: 'cplex.h': No such file or directory
  utility.c
D:\github\OperationalResearch2\TSP\TSP\utility.c(167,8): warning C4013: 'gets' undefined; assuming extern returning int
D:\github\OperationalResearch2\TSP\TSP\utility.c(123,12): error C4996: 'fopen': This function or variable may be unsafe. Consider using fopen_s instead. To disable deprecation, use _CRT_SECURE_NO_WARNINGS. See online help for details.
D:\github\OperationalResearch2\TSP\TSP\utility.c(158,6): error C4996: 'fopen': This function or variable may be unsafe. Consider using fopen_s instead. To disable deprecation, use _CRT_SECURE_NO_WARNINGS. See online help for details.
